<?xml version="1.0" encoding="UTF-8"?>
<testng-results ignored="0" total="2" passed="2" failed="0" skipped="0">
  <reporter-output>
  </reporter-output>
  <suite started-at="2020-02-14T03:14:15 IST" name="Default suite" finished-at="2020-02-14T03:14:51 IST" duration-ms="36249">
    <groups>
    </groups>
    <test started-at="2020-02-14T03:14:15 IST" name="Default test" finished-at="2020-02-14T03:14:51 IST" duration-ms="36249">
      <class name="com.irctc.pages.DataProviderDemo">
        <test-method is-config="true" signature="setup()[pri:0, instance:com.irctc.pages.DataProviderDemo@482bce4f]" started-at="2020-02-14T03:14:15 IST" name="setup" finished-at="2020-02-14T03:14:34 IST" duration-ms="18550" status="PASS">
          <reporter-output>
          </reporter-output>
        </test-method> <!-- setup -->
        <test-method signature="test(java.lang.String, java.lang.String)[pri:0, instance:com.irctc.pages.DataProviderDemo@482bce4f]" started-at="2020-02-14T03:14:34 IST" name="test" data-provider="Amazon_TestData" finished-at="2020-02-14T03:14:35 IST" duration-ms="567" status="PASS">
          <params>
            <param index="0">
              <value>
                <![CDATA[ram]]>
              </value>
            </param>
            <param index="1">
              <value>
                <![CDATA[5.46713215E8]]>
              </value>
            </param>
          </params>
          <reporter-output>
          </reporter-output>
        </test-method> <!-- test -->
        <test-method is-config="true" signature="teardown()[pri:0, instance:com.irctc.pages.DataProviderDemo@482bce4f]" started-at="2020-02-14T03:14:35 IST" name="teardown" finished-at="2020-02-14T03:14:35 IST" duration-ms="852" status="PASS">
          <reporter-output>
          </reporter-output>
        </test-method> <!-- teardown -->
        <test-method is-config="true" signature="setup()[pri:0, instance:com.irctc.pages.DataProviderDemo@482bce4f]" started-at="2020-02-14T03:14:35 IST" name="setup" finished-at="2020-02-14T03:14:50 IST" duration-ms="14311" status="PASS">
          <reporter-output>
          </reporter-output>
        </test-method> <!-- setup -->
        <test-method signature="test(java.lang.String, java.lang.String)[pri:0, instance:com.irctc.pages.DataProviderDemo@482bce4f]" started-at="2020-02-14T03:14:50 IST" name="test" data-provider="Amazon_TestData" finished-at="2020-02-14T03:14:50 IST" duration-ms="322" status="PASS">
          <params>
            <param index="0">
              <value>
                <![CDATA[sam]]>
              </value>
            </param>
            <param index="1">
              <value>
                <![CDATA[1233546.0]]>
              </value>
            </param>
          </params>
          <reporter-output>
          </reporter-output>
        </test-method> <!-- test -->
        <test-method is-config="true" signature="teardown()[pri:0, instance:com.irctc.pages.DataProviderDemo@482bce4f]" started-at="2020-02-14T03:14:50 IST" name="teardown" finished-at="2020-02-14T03:14:51 IST" duration-ms="850" status="PASS">
          <reporter-output>
          </reporter-output>
        </test-method> <!-- teardown -->
      </class> <!-- com.irctc.pages.DataProviderDemo -->
    </test> <!-- Default test -->
  </suite> <!-- Default suite -->
</testng-results>
